Arguments: 
  /home/amaka/.nvm/versions/node/v16.17.1/bin/node /snap/node/6895/bin/yarn.js global dir

PATH: 
  /home/amaka/finalRN1/finalapp/node_modules/.bin:/home/amaka/finalRN1/node_modules/.bin:/home/amaka/node_modules/.bin:/home/node_modules/.bin:/node_modules/.bin:/home/amaka/.nvm/versions/node/v16.17.1/lib/node_modules/npm/node_modules/@npmcli/run-script/lib/node-gyp-bin:/home/amaka/finalRN1/finalapp/node_modules/.bin:/home/amaka/.nvm/versions/node/v16.17.1/bin:/home/amaka/amaka/Android/sdk/platform-tools:/home/amaka/amaka/Android/sdk/platform-tools:/home/amaka/amaka/Android/sdk/platform-tools:/home/amaka/amaka/Android/sdk/platform-tools:/usr/local/sbin:/usr/local/bin:/usr/sbin:/usr/bin:/sbin:/bin:/usr/games:/usr/local/games:/snap/bin:/snap/bin

Yarn version: 
  1.22.19

Node version: 
  16.17.1

Platform: 
  linux x64

Trace: 
  Error: EACCES: permission denied, write
      at writeSync (node:fs:924:3)
      at SyncWriteStream._write (node:internal/fs/sync_write_stream:26:3)
      at writeOrBuffer (node:internal/streams/writable:391:12)
      at _write (node:internal/streams/writable:332:10)
      at SyncWriteStream.Writable.write (node:internal/streams/writable:336:10)
      at ConsoleReporter._log (/snap/node/6895/lib/cli.js:92833:17)
      at ConsoleReporter.log (/snap/node/6895/lib/cli.js:92821:10)
      at dir (/snap/node/6895/lib/cli.js:36307:14)
      at Object.<anonymous> (/snap/node/6895/lib/cli.js:25987:25)
      at Generator.next (<anonymous>)

npm manifest: 
  {
    "name": "finalapp",
    "version": "1.0.0",
    "main": "node_modules/expo/AppEntry.js",
    "scripts": {
      "start": "expo start",
      "android": "expo start --android",
      "ios": "expo start --ios",
      "web": "expo start --web"
    },
    "dependencies": {
      "@expo-google-fonts/montserrat": "^0.2.2",
      "@expo/vector-icons": "^13.0.0",
      "@react-navigation/bottom-tabs": "^6.4.0",
      "@react-navigation/native": "^6.0.13",
      "@react-navigation/native-stack": "^6.9.1",
      "expo": "~47.0.6",
      "expo-app-loading": "~2.1.1",
      "expo-clipboard": "~4.0.1",
      "expo-font": "~11.0.1",
      "expo-splash-screen": "^0.17.5",
      "expo-status-bar": "~1.4.2",
      "react": "18.1.0",
      "react-native": "0.70.5",
      "react-native-paper": "^4.12.5",
      "react-native-safe-area-context": "4.4.1",
      "react-native-screens": "~3.18.0"
    },
    "devDependencies": {
      "@babel/core": "^7.12.9"
    },
    "private": true
  }

yarn manifest: 
  No manifest

Lockfile: 
  No lockfile
